<?xml version="1.0" encoding="UTF-8"?>
<!-- Generated by org.testng.reporters.JUnitReportReporter -->
<testsuite hostname="ISILLT10342" failures="0" tests="1" name="testCaseExample.Test_User_Role" time="4.004" errors="0" timestamp="2020-09-24T13:21:33 IST" skipped="0">
  <testcase classname="testCaseExample.Test_User_Role" name="verifyUserRole" time="4.004"/>
  <system-out/>
</testsuite> <!-- testCaseExample.Test_User_Role -->
